<?xml version="1.0" encoding="UTF-8"?>
<robot generator="Robot 6.1.1 (Python 3.11.5 on win32)" generated="20230915 14:58:07.177" rpa="false" schemaversion="4">
<suite id="s1" name="Exemplo" source="C:\walkdog\exemplo.robot">
<test id="s1-t1" name="Verificar Mensagem &quot;Example Domain&quot;" line="6">
<kw name="Open Browser" library="SeleniumLibrary">
<arg>https://www.example.com</arg>
<doc>Opens a new browser instance to the optional ``url``.</doc>
<msg timestamp="20230915 14:58:07.417" level="INFO">Opening browser 'firefox' to base url 'https://www.example.com'.</msg>
<status status="PASS" starttime="20230915 14:58:07.417" endtime="20230915 14:58:13.756"/>
</kw>
<kw name="Title Should Be" library="SeleniumLibrary">
<arg>Example Domain</arg>
<doc>Verifies that the current page title equals ``title``.</doc>
<msg timestamp="20230915 14:58:13.758" level="INFO">Page title is 'Example Domain'.</msg>
<status status="PASS" starttime="20230915 14:58:13.756" endtime="20230915 14:58:13.758"/>
</kw>
<kw name="Page Should Contain" library="SeleniumLibrary">
<arg>This domain is for use in illustrative examples in documents</arg>
<doc>Verifies that current page contains ``text``.</doc>
<msg timestamp="20230915 14:58:13.785" level="INFO">Current page contains text 'This domain is for use in illustrative examples in documents'.</msg>
<status status="PASS" starttime="20230915 14:58:13.758" endtime="20230915 14:58:13.785"/>
</kw>
<kw name="Close Browser" library="SeleniumLibrary">
<doc>Closes the current browser.</doc>
<status status="PASS" starttime="20230915 14:58:13.786" endtime="20230915 14:58:16.869"/>
</kw>
<status status="PASS" starttime="20230915 14:58:07.416" endtime="20230915 14:58:16.870"/>
</test>
<status status="PASS" starttime="20230915 14:58:07.179" endtime="20230915 14:58:16.872"/>
</suite>
<statistics>
<total>
<stat pass="1" fail="0" skip="0">All Tests</stat>
</total>
<tag>
</tag>
<suite>
<stat pass="1" fail="0" skip="0" id="s1" name="Exemplo">Exemplo</stat>
</suite>
</statistics>
<errors>
</errors>
</robot>
